<?xml version="1.0" encoding="UTF-8"?>
<!-- Generated by org.testng.reporters.JUnitReportReporter -->
<testsuite skipped="0" hostname="DESKTOP-J20FBOJ" name="noman.TestNG" tests="1" failures="0" timestamp="08 Dec 2020 03:44:34 GMT" time="6.610" errors="0">
  <testcase name="method1" time="6.610" classname="noman.TestNG"/>
</testsuite> <!-- noman.TestNG -->
